<?xml version="1.0" encoding="UTF-8"?>
<testsuite xmlns:xsi="http://www.w3.org/2001/XMLSchema-instance" xsi:noNamespaceSchemaLocation="https://maven.apache.org/surefire/maven-surefire-plugin/xsd/surefire-test-report.xsd" version="3.0.2" name="Microservicio.Solicitudes.de.Ayuda.Controller.SolicitudAyudaControllerTest" time="3.738" tests="4" errors="0" skipped="0" failures="3">
  <properties>
[...]
</properties>
  <testcase name="obtenerPorId_inexistente_deberiaRetornar404" classname="Microservicio.Solicitudes.de.Ayuda.Controller.SolicitudAyudaControllerTest" time="0.154">
    <system-out><![CDATA[
  .   ____          _            __ _ _
 /\\ / ___'_ __ _ _(_)_ __  __ _ \ \ \ \
( ( )\___ | '_ | '_| | '_ \/ _` | \ \ \ \
 \\/  ___)| |_)| | | | | || (_| |  ) ) ) )
  '  |____| .__|_| |_|_| |_\__, | / / / /
 =========|_|==============|___/=/_/_/_/

 :: Spring Boot ::                (v3.4.5)

2025-06-22T13:02:40.394-04:00  INFO 3148 --- [Solicitudes-de-Ayuda] [           main] M.S.d.A.C.SolicitudAyudaControllerTest   : Starting SolicitudAyudaControllerTest using Java 21.0.5 with PID 3148 (started by Gustavo in C:\Users\Gustavo\Documents\GitHub\Solicitudes-de-Ayuda)
2025-06-22T13:02:40.397-04:00  INFO 3148 --- [Solicitudes-de-Ayuda] [           main] M.S.d.A.C.SolicitudAyudaControllerTest   : No active profile set, falling back to 1 default profile: "default"
2025-06-22T13:02:42.410-04:00  INFO 3148 --- [Solicitudes-de-Ayuda] [           main] o.s.v.b.OptionalValidatorFactoryBean     : Failed to set up a Bean Validation provider: jakarta.validation.NoProviderFoundException: Unable to create a Configuration, because no Jakarta Bean Validation provider could be found. Add a provider like Hibernate Validator (RI) to your classpath.
2025-06-22T13:02:42.887-04:00  INFO 3148 --- [Solicitudes-de-Ayuda] [           main] o.s.b.t.m.w.SpringBootMockServletContext : Initializing Spring TestDispatcherServlet ''
2025-06-22T13:02:42.888-04:00  INFO 3148 --- [Solicitudes-de-Ayuda] [           main] o.s.t.web.servlet.TestDispatcherServlet  : Initializing Servlet ''
2025-06-22T13:02:42.890-04:00  INFO 3148 --- [Solicitudes-de-Ayuda] [           main] o.s.t.web.servlet.TestDispatcherServlet  : Completed initialization in 1 ms
2025-06-22T13:02:43.022-04:00  INFO 3148 --- [Solicitudes-de-Ayuda] [           main] M.S.d.A.C.SolicitudAyudaControllerTest   : Started SolicitudAyudaControllerTest in 3.083 seconds (process running for 4.186)
]]></system-out>
    <system-err><![CDATA[WARNING: A Java agent has been loaded dynamically (C:\Users\Gustavo\.m2\repository\net\bytebuddy\byte-buddy-agent\1.15.11\byte-buddy-agent-1.15.11.jar)
WARNING: If a serviceability tool is in use, please run with -XX:+EnableDynamicAgentLoading to hide this warning
WARNING: If a serviceability tool is not in use, please run with -Djdk.instrument.traceUsage for more information
WARNING: Dynamic loading of agents will be disallowed by default in a future release
]]></system-err>
  </testcase>
  <testcase name="obtenerPorId_existente_deberiaRetornarOK" classname="Microservicio.Solicitudes.de.Ayuda.Controller.SolicitudAyudaControllerTest" time="0.098">
    <failure message="No value at JSON path &quot;$._links.self.href&quot;" type="java.lang.AssertionError"><![CDATA[java.lang.AssertionError: No value at JSON path "$._links.self.href"
	at org.springframework.test.util.JsonPathExpectationsHelper.evaluateJsonPath(JsonPathExpectationsHelper.java:351)
	at org.springframework.test.util.JsonPathExpectationsHelper.assertExistsAndReturn(JsonPathExpectationsHelper.java:388)
	at org.springframework.test.util.JsonPathExpectationsHelper.exists(JsonPathExpectationsHelper.java:239)
	at org.springframework.test.web.servlet.result.JsonPathResultMatchers.lambda$exists$3(JsonPathResultMatchers.java:124)
	at org.springframework.test.web.servlet.MockMvc$1.andExpect(MockMvc.java:214)
	at Microservicio.Solicitudes.de.Ayuda.Controller.SolicitudAyudaControllerTest.obtenerPorId_existente_deberiaRetornarOK(SolicitudAyudaControllerTest.java:70)
	at java.base/java.lang.reflect.Method.invoke(Method.java:580)
	at java.base/java.util.ArrayList.forEach(ArrayList.java:1596)
	at java.base/java.util.ArrayList.forEach(ArrayList.java:1596)
Caused by: com.jayway.jsonpath.PathNotFoundException: Missing property in path $['_links']
]]></failure>
    <system-out><![CDATA[
MockHttpServletRequest:
      HTTP Method = GET
      Request URI = /api/v1/ayuda/2
       Parameters = {}
          Headers = []
             Body = null
    Session Attrs = {}

Handler:
             Type = Microservicio.Solicitudes.de.Ayuda.Controller.SolicitudAyudaController
           Method = Microservicio.Solicitudes.de.Ayuda.Controller.SolicitudAyudaController#obtenerPorId(int)

Async:
    Async started = false
     Async result = null

Resolved Exception:
             Type = null

ModelAndView:
        View name = null
             View = null
            Model = null

FlashMap:
       Attributes = null

MockHttpServletResponse:
           Status = 200
    Error message = null
          Headers = [Content-Type:"application/json"]
     Content type = application/json
             Body = {"idSolicitud":2,"correoUsuario":"usuario@correo.cl","asunto":"Consulta","mensaje":"¿Dónde renovar?","fechaEnvio":"2025-06-11"}
    Forwarded URL = null
   Redirected URL = null
          Cookies = []
]]></system-out>
  </testcase>
  <testcase name="obtenerPorCorreo_deberiaRetornarOKYJson" classname="Microservicio.Solicitudes.de.Ayuda.Controller.SolicitudAyudaControllerTest" time="0.046">
    <failure message="No value at JSON path &quot;$._embedded.solicitudAyudaList[0].correoUsuario&quot;" type="java.lang.AssertionError"><![CDATA[java.lang.AssertionError: No value at JSON path "$._embedded.solicitudAyudaList[0].correoUsuario"
	at org.springframework.test.util.JsonPathExpectationsHelper.evaluateJsonPath(JsonPathExpectationsHelper.java:351)
	at org.springframework.test.util.JsonPathExpectationsHelper.assertValue(JsonPathExpectationsHelper.java:148)
	at org.springframework.test.web.servlet.result.JsonPathResultMatchers.lambda$value$2(JsonPathResultMatchers.java:112)
	at org.springframework.test.web.servlet.MockMvc$1.andExpect(MockMvc.java:214)
	at Microservicio.Solicitudes.de.Ayuda.Controller.SolicitudAyudaControllerTest.obtenerPorCorreo_deberiaRetornarOKYJson(SolicitudAyudaControllerTest.java:101)
	at java.base/java.lang.reflect.Method.invoke(Method.java:580)
	at java.base/java.util.ArrayList.forEach(ArrayList.java:1596)
	at java.base/java.util.ArrayList.forEach(ArrayList.java:1596)
Caused by: com.jayway.jsonpath.PathNotFoundException: Expected to find an object with property ['_embedded'] in path $ but found 'net.minidev.json.JSONArray'. This is not a json object according to the JsonProvider: 'com.jayway.jsonpath.spi.json.JsonSmartJsonProvider'.
]]></failure>
    <system-out><![CDATA[
MockHttpServletRequest:
      HTTP Method = GET
      Request URI = /api/v1/ayuda/usuario/docente@correo.cl
       Parameters = {}
          Headers = []
             Body = null
    Session Attrs = {}

Handler:
             Type = Microservicio.Solicitudes.de.Ayuda.Controller.SolicitudAyudaController
           Method = Microservicio.Solicitudes.de.Ayuda.Controller.SolicitudAyudaController#obtenerPorCorreo(String)

Async:
    Async started = false
     Async result = null

Resolved Exception:
             Type = null

ModelAndView:
        View name = null
             View = null
            Model = null

FlashMap:
       Attributes = null

MockHttpServletResponse:
           Status = 200
    Error message = null
          Headers = [Content-Disposition:"inline;filename=f.txt", Content-Type:"application/json"]
     Content type = application/json
             Body = [{"idSolicitud":3,"correoUsuario":"docente@correo.cl","asunto":"Error","mensaje":"Sistema caído","fechaEnvio":"2025-06-12"}]
    Forwarded URL = null
   Redirected URL = null
          Cookies = []
]]></system-out>
  </testcase>
  <testcase name="obtenerTodas_deberiaRetornarOKYListaJson" classname="Microservicio.Solicitudes.de.Ayuda.Controller.SolicitudAyudaControllerTest" time="0.008">
    <failure message="No value at JSON path &quot;$._embedded.solicitudAyudaList[0].correoUsuario&quot;" type="java.lang.AssertionError"><![CDATA[java.lang.AssertionError: No value at JSON path "$._embedded.solicitudAyudaList[0].correoUsuario"
	at org.springframework.test.util.JsonPathExpectationsHelper.evaluateJsonPath(JsonPathExpectationsHelper.java:351)
	at org.springframework.test.util.JsonPathExpectationsHelper.assertValue(JsonPathExpectationsHelper.java:148)
	at org.springframework.test.web.servlet.result.JsonPathResultMatchers.lambda$value$2(JsonPathResultMatchers.java:112)
	at org.springframework.test.web.servlet.MockMvc$1.andExpect(MockMvc.java:214)
	at Microservicio.Solicitudes.de.Ayuda.Controller.SolicitudAyudaControllerTest.obtenerTodas_deberiaRetornarOKYListaJson(SolicitudAyudaControllerTest.java:48)
	at java.base/java.lang.reflect.Method.invoke(Method.java:580)
	at java.base/java.util.ArrayList.forEach(ArrayList.java:1596)
	at java.base/java.util.ArrayList.forEach(ArrayList.java:1596)
Caused by: com.jayway.jsonpath.PathNotFoundException: Expected to find an object with property ['_embedded'] in path $ but found 'net.minidev.json.JSONArray'. This is not a json object according to the JsonProvider: 'com.jayway.jsonpath.spi.json.JsonSmartJsonProvider'.
]]></failure>
    <system-out><![CDATA[
MockHttpServletRequest:
      HTTP Method = GET
      Request URI = /api/v1/ayuda
       Parameters = {}
          Headers = []
             Body = null
    Session Attrs = {}

Handler:
             Type = Microservicio.Solicitudes.de.Ayuda.Controller.SolicitudAyudaController
           Method = Microservicio.Solicitudes.de.Ayuda.Controller.SolicitudAyudaController#obtenerTodas()

Async:
    Async started = false
     Async result = null

Resolved Exception:
             Type = null

ModelAndView:
        View name = null
             View = null
            Model = null

FlashMap:
       Attributes = null

MockHttpServletResponse:
           Status = 200
    Error message = null
          Headers = [Content-Type:"application/json"]
     Content type = application/json
             Body = [{"idSolicitud":1,"correoUsuario":"alumno@correo.cl","asunto":"Acceso","mensaje":"No puedo ingresar","fechaEnvio":"2025-06-10"}]
    Forwarded URL = null
   Redirected URL = null
          Cookies = []
]]></system-out>
  </testcase>
</testsuite>